[2025-11-23T15:52:42.916+0000] {local_task_job_runner.py:123} INFO - ::group::Pre task execution logs
[2025-11-23T15:52:42.933+0000] {taskinstance.py:2613} INFO - Dependencies all met for dep_context=non-requeueable deps ti=<TaskInstance: etl_adventureworks_completo.carga_fato_vendas manual__2025-11-23T05:17:58.739106+00:00 [queued]>
[2025-11-23T15:52:42.940+0000] {taskinstance.py:2613} INFO - Dependencies all met for dep_context=requeueable deps ti=<TaskInstance: etl_adventureworks_completo.carga_fato_vendas manual__2025-11-23T05:17:58.739106+00:00 [queued]>
[2025-11-23T15:52:42.941+0000] {taskinstance.py:2866} INFO - Starting attempt 6 of 6
[2025-11-23T15:52:42.952+0000] {taskinstance.py:2889} INFO - Executing <Task(PythonOperator): carga_fato_vendas> on 2025-11-23 05:17:58.739106+00:00
[2025-11-23T15:52:42.965+0000] {logging_mixin.py:190} WARNING - /home/***/.local/lib/python3.12/site-packages/***/task/task_runner/standard_task_runner.py:70 DeprecationWarning: This process (pid=266) is multi-threaded, use of fork() may lead to deadlocks in the child.
[2025-11-23T15:52:42.964+0000] {standard_task_runner.py:104} INFO - Running: ['***', 'tasks', 'run', 'etl_adventureworks_completo', 'carga_fato_vendas', 'manual__2025-11-23T05:17:58.739106+00:00', '--job-id', '107', '--raw', '--subdir', 'DAGS_FOLDER/etl_adventureworks.py', '--cfg-path', '/tmp/tmpqgei_g_l']
[2025-11-23T15:52:42.966+0000] {standard_task_runner.py:72} INFO - Started process 268 to run task
[2025-11-23T15:52:42.967+0000] {standard_task_runner.py:105} INFO - Job 107: Subtask carga_fato_vendas
[2025-11-23T15:52:43.024+0000] {task_command.py:467} INFO - Running <TaskInstance: etl_adventureworks_completo.carga_fato_vendas manual__2025-11-23T05:17:58.739106+00:00 [running]> on host 64d315d8ec51
[2025-11-23T15:52:43.107+0000] {taskinstance.py:3132} INFO - Exporting env vars: AIRFLOW_CTX_DAG_OWNER='seu_nome' AIRFLOW_CTX_DAG_ID='etl_adventureworks_completo' AIRFLOW_CTX_TASK_ID='carga_fato_vendas' AIRFLOW_CTX_EXECUTION_DATE='2025-11-23T05:17:58.739106+00:00' AIRFLOW_CTX_TRY_NUMBER='6' AIRFLOW_CTX_DAG_RUN_ID='manual__2025-11-23T05:17:58.739106+00:00'
[2025-11-23T15:52:43.110+0000] {taskinstance.py:731} INFO - ::endgroup::
[2025-11-23T15:52:43.123+0000] {logging_mixin.py:190} INFO - Iniciando ETL Fato_Vendas...
[2025-11-23T15:52:43.160+0000] {taskinstance.py:3311} ERROR - Task failed with exception
Traceback (most recent call last):
  File "/home/airflow/.local/lib/python3.12/site-packages/sqlalchemy/engine/base.py", line 1910, in _execute_context
    self.dialect.do_execute(
  File "/home/airflow/.local/lib/python3.12/site-packages/sqlalchemy/engine/default.py", line 736, in do_execute
    cursor.execute(statement, parameters)
psycopg2.errors.InvalidTextRepresentation: invalid input syntax for type bigint: "4911-403C-98"


The above exception was the direct cause of the following exception:

Traceback (most recent call last):
  File "/home/airflow/.local/lib/python3.12/site-packages/airflow/models/taskinstance.py", line 767, in _execute_task
    result = _execute_callable(context=context, **execute_callable_kwargs)
             ^^^^^^^^^^^^^^^^^^^^^^^^^^^^^^^^^^^^^^^^^^^^^^^^^^^^^^^^^^^^^
  File "/home/airflow/.local/lib/python3.12/site-packages/airflow/models/taskinstance.py", line 733, in _execute_callable
    return ExecutionCallableRunner(
           ^^^^^^^^^^^^^^^^^^^^^^^^
  File "/home/airflow/.local/lib/python3.12/site-packages/airflow/utils/operator_helpers.py", line 252, in run
    return self.func(*args, **kwargs)
           ^^^^^^^^^^^^^^^^^^^^^^^^^^
  File "/home/airflow/.local/lib/python3.12/site-packages/airflow/models/baseoperator.py", line 417, in wrapper
    return func(self, *args, **kwargs)
           ^^^^^^^^^^^^^^^^^^^^^^^^^^^
  File "/home/airflow/.local/lib/python3.12/site-packages/airflow/operators/python.py", line 238, in execute
    return_value = self.execute_callable()
                   ^^^^^^^^^^^^^^^^^^^^^^^
  File "/home/airflow/.local/lib/python3.12/site-packages/airflow/operators/python.py", line 256, in execute_callable
    return runner.run(*self.op_args, **self.op_kwargs)
           ^^^^^^^^^^^^^^^^^^^^^^^^^^^^^^^^^^^^^^^^^^^
  File "/home/airflow/.local/lib/python3.12/site-packages/airflow/utils/operator_helpers.py", line 252, in run
    return self.func(*args, **kwargs)
           ^^^^^^^^^^^^^^^^^^^^^^^^^^
  File "/opt/airflow/dags/etl_adventureworks.py", line 165, in etl_fato_vendas
    df_vendas = pd.read_sql(query, engine)
                ^^^^^^^^^^^^^^^^^^^^^^^^^^
  File "/home/airflow/.local/lib/python3.12/site-packages/pandas/io/sql.py", line 682, in read_sql
    return pandas_sql.read_query(
           ^^^^^^^^^^^^^^^^^^^^^^
  File "/home/airflow/.local/lib/python3.12/site-packages/pandas/io/sql.py", line 1776, in read_query
    result = self.execute(sql, params)
             ^^^^^^^^^^^^^^^^^^^^^^^^^
  File "/home/airflow/.local/lib/python3.12/site-packages/pandas/io/sql.py", line 1599, in execute
    return self.con.exec_driver_sql(sql, *args)
           ^^^^^^^^^^^^^^^^^^^^^^^^^^^^^^^^^^^^
  File "/home/airflow/.local/lib/python3.12/site-packages/sqlalchemy/engine/base.py", line 1770, in exec_driver_sql
    return self._exec_driver_sql(
           ^^^^^^^^^^^^^^^^^^^^^^
  File "/home/airflow/.local/lib/python3.12/site-packages/sqlalchemy/engine/base.py", line 1674, in _exec_driver_sql
    ret = self._execute_context(
          ^^^^^^^^^^^^^^^^^^^^^^
  File "/home/airflow/.local/lib/python3.12/site-packages/sqlalchemy/engine/base.py", line 1953, in _execute_context
    self._handle_dbapi_exception(
  File "/home/airflow/.local/lib/python3.12/site-packages/sqlalchemy/engine/base.py", line 2134, in _handle_dbapi_exception
    util.raise_(
  File "/home/airflow/.local/lib/python3.12/site-packages/sqlalchemy/util/compat.py", line 211, in raise_
    raise exception
  File "/home/airflow/.local/lib/python3.12/site-packages/sqlalchemy/engine/base.py", line 1910, in _execute_context
    self.dialect.do_execute(
  File "/home/airflow/.local/lib/python3.12/site-packages/sqlalchemy/engine/default.py", line 736, in do_execute
    cursor.execute(statement, parameters)
sqlalchemy.exc.DataError: (psycopg2.errors.InvalidTextRepresentation) invalid input syntax for type bigint: "4911-403C-98"

[SQL: 
    SELECT 
        CAST(d.salesorderid AS BIGINT) as salesorderid, 
        CAST(d.productid AS BIGINT) as productid, 
        CAST(h.customerid AS BIGINT) as customerid, 
        h.orderdate,
        CAST(h.territoryid AS BIGINT) as territoryid, 
        CAST(h.status AS BIGINT) as status,      
        d.orderqty, 
        d.unitprice, 
        d.unitpricediscount,
        d.linetotal
    FROM staging.salesorderdetail d
    JOIN staging.salesorderheader h 
      ON CAST(d.salesorderid AS BIGINT) = CAST(h.salesorderid AS BIGINT)
    ]
(Background on this error at: https://sqlalche.me/e/14/9h9h)
[2025-11-23T15:52:43.176+0000] {taskinstance.py:1225} INFO - Marking task as FAILED. dag_id=etl_adventureworks_completo, task_id=carga_fato_vendas, run_id=manual__2025-11-23T05:17:58.739106+00:00, execution_date=20251123T051758, start_date=20251123T155242, end_date=20251123T155243
[2025-11-23T15:52:43.189+0000] {taskinstance.py:340} INFO - ::group::Post task execution logs
[2025-11-23T15:52:43.190+0000] {standard_task_runner.py:124} ERROR - Failed to execute job 107 for task carga_fato_vendas ((psycopg2.errors.InvalidTextRepresentation) invalid input syntax for type bigint: "4911-403C-98"

[SQL: 
    SELECT 
        CAST(d.salesorderid AS BIGINT) as salesorderid, 
        CAST(d.productid AS BIGINT) as productid, 
        CAST(h.customerid AS BIGINT) as customerid, 
        h.orderdate,
        CAST(h.territoryid AS BIGINT) as territoryid, 
        CAST(h.status AS BIGINT) as status,      
        d.orderqty, 
        d.unitprice, 
        d.unitpricediscount,
        d.linetotal
    FROM staging.salesorderdetail d
    JOIN staging.salesorderheader h 
      ON CAST(d.salesorderid AS BIGINT) = CAST(h.salesorderid AS BIGINT)
    ]
(Background on this error at: https://sqlalche.me/e/14/9h9h); 268)
Traceback (most recent call last):
  File "/home/airflow/.local/lib/python3.12/site-packages/sqlalchemy/engine/base.py", line 1910, in _execute_context
    self.dialect.do_execute(
  File "/home/airflow/.local/lib/python3.12/site-packages/sqlalchemy/engine/default.py", line 736, in do_execute
    cursor.execute(statement, parameters)
psycopg2.errors.InvalidTextRepresentation: invalid input syntax for type bigint: "4911-403C-98"


The above exception was the direct cause of the following exception:

Traceback (most recent call last):
  File "/home/airflow/.local/lib/python3.12/site-packages/airflow/task/task_runner/standard_task_runner.py", line 117, in _start_by_fork
    ret = args.func(args, dag=self.dag)
          ^^^^^^^^^^^^^^^^^^^^^^^^^^^^^
  File "/home/airflow/.local/lib/python3.12/site-packages/airflow/cli/cli_config.py", line 49, in command
    return func(*args, **kwargs)
           ^^^^^^^^^^^^^^^^^^^^^
  File "/home/airflow/.local/lib/python3.12/site-packages/airflow/utils/cli.py", line 116, in wrapper
    return f(*args, **kwargs)
           ^^^^^^^^^^^^^^^^^^
  File "/home/airflow/.local/lib/python3.12/site-packages/airflow/cli/commands/task_command.py", line 483, in task_run
    task_return_code = _run_task_by_selected_method(args, _dag, ti)
                       ^^^^^^^^^^^^^^^^^^^^^^^^^^^^^^^^^^^^^^^^^^^^
  File "/home/airflow/.local/lib/python3.12/site-packages/airflow/cli/commands/task_command.py", line 256, in _run_task_by_selected_method
    return _run_raw_task(args, ti)
           ^^^^^^^^^^^^^^^^^^^^^^^
  File "/home/airflow/.local/lib/python3.12/site-packages/airflow/cli/commands/task_command.py", line 341, in _run_raw_task
    return ti._run_raw_task(
           ^^^^^^^^^^^^^^^^^
  File "/home/airflow/.local/lib/python3.12/site-packages/airflow/utils/session.py", line 97, in wrapper
    return func(*args, session=session, **kwargs)
           ^^^^^^^^^^^^^^^^^^^^^^^^^^^^^^^^^^^^^^
  File "/home/airflow/.local/lib/python3.12/site-packages/airflow/models/taskinstance.py", line 3005, in _run_raw_task
    return _run_raw_task(
           ^^^^^^^^^^^^^^
  File "/home/airflow/.local/lib/python3.12/site-packages/airflow/models/taskinstance.py", line 273, in _run_raw_task
    TaskInstance._execute_task_with_callbacks(
  File "/home/airflow/.local/lib/python3.12/site-packages/airflow/models/taskinstance.py", line 3159, in _execute_task_with_callbacks
    result = self._execute_task(context, task_orig)
             ^^^^^^^^^^^^^^^^^^^^^^^^^^^^^^^^^^^^^^
  File "/home/airflow/.local/lib/python3.12/site-packages/airflow/models/taskinstance.py", line 3183, in _execute_task
    return _execute_task(self, context, task_orig)
           ^^^^^^^^^^^^^^^^^^^^^^^^^^^^^^^^^^^^^^^
  File "/home/airflow/.local/lib/python3.12/site-packages/airflow/models/taskinstance.py", line 767, in _execute_task
    result = _execute_callable(context=context, **execute_callable_kwargs)
             ^^^^^^^^^^^^^^^^^^^^^^^^^^^^^^^^^^^^^^^^^^^^^^^^^^^^^^^^^^^^^
  File "/home/airflow/.local/lib/python3.12/site-packages/airflow/models/taskinstance.py", line 733, in _execute_callable
    return ExecutionCallableRunner(
           ^^^^^^^^^^^^^^^^^^^^^^^^
  File "/home/airflow/.local/lib/python3.12/site-packages/airflow/utils/operator_helpers.py", line 252, in run
    return self.func(*args, **kwargs)
           ^^^^^^^^^^^^^^^^^^^^^^^^^^
  File "/home/airflow/.local/lib/python3.12/site-packages/airflow/models/baseoperator.py", line 417, in wrapper
    return func(self, *args, **kwargs)
           ^^^^^^^^^^^^^^^^^^^^^^^^^^^
  File "/home/airflow/.local/lib/python3.12/site-packages/airflow/operators/python.py", line 238, in execute
    return_value = self.execute_callable()
                   ^^^^^^^^^^^^^^^^^^^^^^^
  File "/home/airflow/.local/lib/python3.12/site-packages/airflow/operators/python.py", line 256, in execute_callable
    return runner.run(*self.op_args, **self.op_kwargs)
           ^^^^^^^^^^^^^^^^^^^^^^^^^^^^^^^^^^^^^^^^^^^
  File "/home/airflow/.local/lib/python3.12/site-packages/airflow/utils/operator_helpers.py", line 252, in run
    return self.func(*args, **kwargs)
           ^^^^^^^^^^^^^^^^^^^^^^^^^^
  File "/opt/airflow/dags/etl_adventureworks.py", line 165, in etl_fato_vendas
    df_vendas = pd.read_sql(query, engine)
                ^^^^^^^^^^^^^^^^^^^^^^^^^^
  File "/home/airflow/.local/lib/python3.12/site-packages/pandas/io/sql.py", line 682, in read_sql
    return pandas_sql.read_query(
           ^^^^^^^^^^^^^^^^^^^^^^
  File "/home/airflow/.local/lib/python3.12/site-packages/pandas/io/sql.py", line 1776, in read_query
    result = self.execute(sql, params)
             ^^^^^^^^^^^^^^^^^^^^^^^^^
  File "/home/airflow/.local/lib/python3.12/site-packages/pandas/io/sql.py", line 1599, in execute
    return self.con.exec_driver_sql(sql, *args)
           ^^^^^^^^^^^^^^^^^^^^^^^^^^^^^^^^^^^^
  File "/home/airflow/.local/lib/python3.12/site-packages/sqlalchemy/engine/base.py", line 1770, in exec_driver_sql
    return self._exec_driver_sql(
           ^^^^^^^^^^^^^^^^^^^^^^
  File "/home/airflow/.local/lib/python3.12/site-packages/sqlalchemy/engine/base.py", line 1674, in _exec_driver_sql
    ret = self._execute_context(
          ^^^^^^^^^^^^^^^^^^^^^^
  File "/home/airflow/.local/lib/python3.12/site-packages/sqlalchemy/engine/base.py", line 1953, in _execute_context
    self._handle_dbapi_exception(
  File "/home/airflow/.local/lib/python3.12/site-packages/sqlalchemy/engine/base.py", line 2134, in _handle_dbapi_exception
    util.raise_(
  File "/home/airflow/.local/lib/python3.12/site-packages/sqlalchemy/util/compat.py", line 211, in raise_
    raise exception
  File "/home/airflow/.local/lib/python3.12/site-packages/sqlalchemy/engine/base.py", line 1910, in _execute_context
    self.dialect.do_execute(
  File "/home/airflow/.local/lib/python3.12/site-packages/sqlalchemy/engine/default.py", line 736, in do_execute
    cursor.execute(statement, parameters)
sqlalchemy.exc.DataError: (psycopg2.errors.InvalidTextRepresentation) invalid input syntax for type bigint: "4911-403C-98"

[SQL: 
    SELECT 
        CAST(d.salesorderid AS BIGINT) as salesorderid, 
        CAST(d.productid AS BIGINT) as productid, 
        CAST(h.customerid AS BIGINT) as customerid, 
        h.orderdate,
        CAST(h.territoryid AS BIGINT) as territoryid, 
        CAST(h.status AS BIGINT) as status,      
        d.orderqty, 
        d.unitprice, 
        d.unitpricediscount,
        d.linetotal
    FROM staging.salesorderdetail d
    JOIN staging.salesorderheader h 
      ON CAST(d.salesorderid AS BIGINT) = CAST(h.salesorderid AS BIGINT)
    ]
(Background on this error at: https://sqlalche.me/e/14/9h9h)
[2025-11-23T15:52:43.222+0000] {local_task_job_runner.py:266} INFO - Task exited with return code 1
[2025-11-23T15:52:43.238+0000] {taskinstance.py:3895} INFO - 0 downstream tasks scheduled from follow-on schedule check
[2025-11-23T15:52:43.243+0000] {local_task_job_runner.py:245} INFO - ::endgroup::
